2024-11-01 08:39:50 INFO  o.s.t.c.s.AnnotationConfigContextLoaderUtils - Could not detect default configuration classes for test class [com.sistemaExpedientes.sistExp.SistExpApplicationTests]: SistExpApplicationTests does not declare any static, non-private, non-final, nested classes annotated with @Configuration.
2024-11-01 08:39:50 INFO  o.s.b.t.c.SpringBootTestContextBootstrapper - Found @SpringBootConfiguration com.sistemaExpedientes.sistExp.SistExpApplication for test class com.sistemaExpedientes.sistExp.SistExpApplicationTests
2024-11-01 08:39:51 INFO  c.s.sistExp.SistExpApplicationTests - Starting SistExpApplicationTests using Java 17.0.11 with PID 8408 (started by pania in C:\Users\pania\OneDrive\Documentos\GitHub\SistemaExpedientes\sistema-expedientes)
2024-11-01 08:39:51 INFO  c.s.sistExp.SistExpApplicationTests - No active profile set, falling back to 1 default profile: "default"
2024-11-01 08:39:52 INFO  o.s.d.r.c.RepositoryConfigurationDelegate - Bootstrapping Spring Data JPA repositories in DEFAULT mode.
2024-11-01 08:39:53 INFO  o.s.d.r.c.RepositoryConfigurationDelegate - Finished Spring Data repository scanning in 124 ms. Found 5 JPA repository interfaces.
2024-11-01 08:39:54 INFO  o.h.jpa.internal.util.LogHelper - HHH000204: Processing PersistenceUnitInfo [name: default]
2024-11-01 08:39:54 INFO  org.hibernate.Version - HHH000412: Hibernate ORM core version 6.2.2.Final
2024-11-01 08:39:54 INFO  org.hibernate.cfg.Environment - HHH000406: Using bytecode reflection optimizer
2024-11-01 08:39:54 INFO  o.h.b.i.BytecodeProviderInitiator - HHH000021: Bytecode provider name : bytebuddy
2024-11-01 08:39:55 INFO  o.s.o.j.p.SpringPersistenceUnitInfo - No LoadTimeWeaver setup: ignoring JPA class transformer
2024-11-01 08:39:55 INFO  com.zaxxer.hikari.HikariDataSource - HikariPool-1 - Starting...
2024-11-01 08:39:55 INFO  com.zaxxer.hikari.pool.HikariPool - HikariPool-1 - Added connection org.postgresql.jdbc.PgConnection@41167ded
2024-11-01 08:39:55 INFO  com.zaxxer.hikari.HikariDataSource - HikariPool-1 - Start completed.
2024-11-01 08:39:55 INFO  org.hibernate.orm.dialect - HHH035001: Using dialect: org.hibernate.dialect.PostgreSQLDialect, version: org.hibernate.engine.jdbc.env.internal.JdbcEnvironmentInitiator$DialectResolutionInfoImpl@466fedfa
2024-11-01 08:39:56 INFO  o.h.b.i.BytecodeProviderInitiator - HHH000021: Bytecode provider name : bytebuddy
2024-11-01 08:39:57 INFO  o.h.e.t.j.p.i.JtaPlatformInitiator - HHH000490: Using JtaPlatform implementation: [org.hibernate.engine.transaction.jta.platform.internal.NoJtaPlatform]
2024-11-01 08:39:57 INFO  o.s.o.j.LocalContainerEntityManagerFactoryBean - Initialized JPA EntityManagerFactory for persistence unit 'default'
2024-11-01 08:39:59 WARN  o.s.b.a.o.j.JpaBaseConfiguration$JpaWebConfiguration - spring.jpa.open-in-view is enabled by default. Therefore, database queries may be performed during view rendering. Explicitly configure spring.jpa.open-in-view to disable this warning
2024-11-01 08:40:01 INFO  c.s.sistExp.SistExpApplicationTests - Started SistExpApplicationTests in 10.883 seconds (process running for 13.339)
2024-11-01 08:40:05 INFO  c.s.sistExp.service.ExcelService - Total rows proccesed: 0
2024-11-01 08:40:05 INFO  c.s.sistExp.service.ExcelService - No se encontraron expedientes v涇idos para guardar.
2024-11-01 08:40:05 INFO  o.s.o.j.LocalContainerEntityManagerFactoryBean - Closing JPA EntityManagerFactory for persistence unit 'default'
2024-11-01 08:40:05 INFO  com.zaxxer.hikari.HikariDataSource - HikariPool-1 - Shutdown initiated...
2024-11-01 08:40:05 INFO  com.zaxxer.hikari.HikariDataSource - HikariPool-1 - Shutdown completed.
2024-11-01 08:45:50 INFO  c.s.sistExp.service.ExcelService - Total rows proccesed: 0
2024-11-01 08:45:50 INFO  c.s.sistExp.service.ExcelService - No se encontraron expedientes v치lidos para guardar.
2024-11-01 08:50:07 INFO  c.s.sistExp.service.ExcelService - Total rows proccesed: 0
2024-11-01 08:50:07 INFO  c.s.sistExp.service.ExcelService - No se encontraron expedientes v치lidos para guardar.
2024-11-01 09:03:02 INFO  c.s.sistExp.service.ExcelService - Total rows proccesed: 0
2024-11-01 09:03:02 INFO  c.s.sistExp.service.ExcelService - No se encontraron expedientes v치lidos para guardar.
2024-11-01 09:05:54 INFO  c.s.sistExp.service.ExcelService - Total rows proccesed: 0
2024-11-01 09:05:54 INFO  c.s.sistExp.service.ExcelService - No se encontraron expedientes v치lidos para guardar.
2024-11-01 09:14:12 INFO  o.s.t.c.s.AnnotationConfigContextLoaderUtils - Could not detect default configuration classes for test class [com.sistemaExpedientes.sistExp.SistExpApplicationTests]: SistExpApplicationTests does not declare any static, non-private, non-final, nested classes annotated with @Configuration.
2024-11-01 09:14:12 INFO  o.s.b.t.c.SpringBootTestContextBootstrapper - Found @SpringBootConfiguration com.sistemaExpedientes.sistExp.SistExpApplication for test class com.sistemaExpedientes.sistExp.SistExpApplicationTests
2024-11-01 09:14:13 INFO  c.s.sistExp.SistExpApplicationTests - Starting SistExpApplicationTests using Java 17.0.11 with PID 13584 (started by pania in C:\Users\pania\OneDrive\Documentos\GitHub\SistemaExpedientes\sistema-expedientes)
2024-11-01 09:14:13 INFO  c.s.sistExp.SistExpApplicationTests - No active profile set, falling back to 1 default profile: "default"
2024-11-01 09:14:15 INFO  o.s.d.r.c.RepositoryConfigurationDelegate - Bootstrapping Spring Data JPA repositories in DEFAULT mode.
2024-11-01 09:14:15 INFO  o.s.d.r.c.RepositoryConfigurationDelegate - Finished Spring Data repository scanning in 107 ms. Found 5 JPA repository interfaces.
2024-11-01 09:14:16 INFO  o.h.jpa.internal.util.LogHelper - HHH000204: Processing PersistenceUnitInfo [name: default]
2024-11-01 09:14:16 INFO  org.hibernate.Version - HHH000412: Hibernate ORM core version 6.2.2.Final
2024-11-01 09:14:16 INFO  org.hibernate.cfg.Environment - HHH000406: Using bytecode reflection optimizer
2024-11-01 09:14:16 INFO  o.h.b.i.BytecodeProviderInitiator - HHH000021: Bytecode provider name : bytebuddy
2024-11-01 09:14:16 INFO  o.s.o.j.p.SpringPersistenceUnitInfo - No LoadTimeWeaver setup: ignoring JPA class transformer
2024-11-01 09:14:16 INFO  com.zaxxer.hikari.HikariDataSource - HikariPool-1 - Starting...
2024-11-01 09:14:17 INFO  com.zaxxer.hikari.pool.HikariPool - HikariPool-1 - Added connection org.postgresql.jdbc.PgConnection@708769b7
2024-11-01 09:14:17 INFO  com.zaxxer.hikari.HikariDataSource - HikariPool-1 - Start completed.
2024-11-01 09:14:17 INFO  org.hibernate.orm.dialect - HHH035001: Using dialect: org.hibernate.dialect.PostgreSQLDialect, version: org.hibernate.engine.jdbc.env.internal.JdbcEnvironmentInitiator$DialectResolutionInfoImpl@59a94d0f
2024-11-01 09:14:17 INFO  o.h.b.i.BytecodeProviderInitiator - HHH000021: Bytecode provider name : bytebuddy
2024-11-01 09:14:18 INFO  o.h.e.t.j.p.i.JtaPlatformInitiator - HHH000490: Using JtaPlatform implementation: [org.hibernate.engine.transaction.jta.platform.internal.NoJtaPlatform]
2024-11-01 09:14:18 INFO  o.s.o.j.LocalContainerEntityManagerFactoryBean - Initialized JPA EntityManagerFactory for persistence unit 'default'
2024-11-01 09:14:20 WARN  o.s.b.a.o.j.JpaBaseConfiguration$JpaWebConfiguration - spring.jpa.open-in-view is enabled by default. Therefore, database queries may be performed during view rendering. Explicitly configure spring.jpa.open-in-view to disable this warning
2024-11-01 09:14:21 INFO  c.s.sistExp.SistExpApplicationTests - Started SistExpApplicationTests in 8.797 seconds (process running for 10.841)
2024-11-01 09:14:25 INFO  c.s.sistExp.service.ExcelService - Total rows proccesed: 0
2024-11-01 09:14:25 INFO  c.s.sistExp.service.ExcelService - No se encontraron expedientes v涇idos para guardar.
2024-11-01 09:14:25 INFO  o.s.o.j.LocalContainerEntityManagerFactoryBean - Closing JPA EntityManagerFactory for persistence unit 'default'
2024-11-01 09:14:25 INFO  com.zaxxer.hikari.HikariDataSource - HikariPool-1 - Shutdown initiated...
2024-11-01 09:14:25 INFO  com.zaxxer.hikari.HikariDataSource - HikariPool-1 - Shutdown completed.
2024-11-01 09:22:56 INFO  c.s.sistExp.service.ExpedientService - Entering in create SERVICE method with data: ExpedientRequestDTO(issuer=Issuer Test, organizationCode=null, correlativeNumber=123456, solicitude=null, year=null, pdfPath=null, regulations=null, locations=null) 
2024-11-01 09:22:56 INFO  c.s.sistExp.service.ExpedientService - Exiting create SERVICE method...
2024-11-01 09:23:13 INFO  c.s.sistExp.service.ExpedientService - Entering in create SERVICE method with data: ExpedientRequestDTO(issuer=Issuer Test, organizationCode=null, correlativeNumber=123456, solicitude=null, year=null, pdfPath=null, regulations=null, locations=null) 
2024-11-01 09:28:46 INFO  c.s.sistExp.service.ExpedientService - Entering in update SERVICE method with data: ExpedientRequestDTO(issuer=Issuer, organizationCode=Org123, correlativeNumber=12345, solicitude=Solicitude, year=2023, pdfPath=/path/to/pdf, regulations=[], locations=null) 
2024-11-01 09:28:46 INFO  c.s.sistExp.service.ExpedientService - Exiting Update SERVICE method...
2024-11-01 09:29:27 INFO  c.s.sistExp.service.ExpedientService - Entering in update SERVICE method with data: ExpedientRequestDTO(issuer=null, organizationCode=null, correlativeNumber=12345, solicitude=null, year=null, pdfPath=null, regulations=null, locations=null) 
2024-11-01 09:29:40 INFO  c.s.sistExp.service.ExpedientService - Entering in Delete SERVICE method...
2024-11-01 09:31:17 INFO  c.s.sistExp.service.ExpedientService - Entering in Delete SERVICE method...
2024-11-01 09:31:17 INFO  c.s.sistExp.service.ExpedientService - Exiting Delete SERVICE method...
2024-11-01 09:31:46 INFO  c.s.sistExp.service.ExpedientService - Entering in AddLocation SERVICE method...
2024-11-01 09:32:19 INFO  c.s.sistExp.service.ExpedientService - Entering in AddLocation SERVICE method...
2024-11-01 09:33:14 INFO  c.s.sistExp.service.ExpedientService - Entering in AddLocation SERVICE method...
2024-11-01 09:40:36 INFO  c.s.sistExp.service.ExpedientService - Entering in AddLocation SERVICE method...
2024-11-01 09:40:36 INFO  c.s.sistExp.service.ExpedientService - Exiting addLocation SERVICE method succesfully!
2024-11-01 09:42:18 INFO  c.s.sistExp.service.ExpedientService - Entering in EditLocation SERVICE method...
2024-11-01 09:43:04 INFO  c.s.sistExp.service.ExpedientService - Entering in EditLocation SERVICE method...
2024-11-01 09:43:14 INFO  c.s.sistExp.service.ExpedientService - Entering in EditLocation SERVICE method...
2024-11-01 09:45:38 INFO  c.s.sistExp.service.ExpedientService - Entering in EditLocation SERVICE method...
2024-11-01 09:46:40 INFO  c.s.sistExp.service.ExpedientService - Entering in EditLocation SERVICE method...
2024-11-01 09:47:09 INFO  c.s.sistExp.service.ExpedientService - Entering in EditLocation SERVICE method...
2024-11-01 09:47:35 INFO  c.s.sistExp.service.ExpedientService - Entering in EditLocation SERVICE method...
2024-11-01 09:47:53 INFO  c.s.sistExp.service.ExpedientService - Entering in EditLocation SERVICE method...
2024-11-01 09:49:14 INFO  c.s.sistExp.service.ExpedientService - Entering in EditLocation SERVICE method...
2024-11-01 09:51:51 INFO  c.s.sistExp.service.ExpedientService - Entering in EditLocation SERVICE method...
2024-11-01 10:00:57 INFO  c.s.sistExp.service.ExpedientService - Entering in findOne SERVICE method...
2024-11-01 10:00:57 INFO  c.s.sistExp.service.ExpedientService - Exiting findOne SERVICE method...
2024-11-01 10:01:06 INFO  c.s.sistExp.service.ExpedientService - Entering in findAll SERVICE method...
2024-11-01 10:01:06 INFO  c.s.sistExp.service.ExpedientService - Exiting findAll SERVICE method...
2024-11-01 10:01:12 INFO  c.s.sistExp.service.ExpedientService - Entering in findByOrganizationCode SERVICE method with organization code: ORG123
2024-11-01 10:01:12 INFO  c.s.sistExp.service.ExpedientService - Exiting findByOrganizationCode SERVICE method...
2024-11-01 10:02:25 INFO  c.s.sistExp.service.ExpedientService - Entering in findByOrganizationCode SERVICE method with organization code: ORG123
2024-11-01 10:02:25 INFO  c.s.sistExp.service.ExpedientService - Exiting findByOrganizationCode SERVICE method...
2024-11-01 10:02:36 INFO  c.s.sistExp.service.ExpedientService - Entering in findByYear SERVICE method with year: 2023
2024-11-01 10:02:36 INFO  c.s.sistExp.service.ExpedientService - Exiting findByYear SERVICE method...
2024-11-01 10:02:56 INFO  c.s.sistExp.service.ExpedientService - Entering in findByYear SERVICE method with year: 2023
2024-11-01 10:02:56 INFO  c.s.sistExp.service.ExpedientService - Exiting findByYear SERVICE method...
2024-11-01 10:03:06 INFO  c.s.sistExp.service.ExpedientService - Entering in findByCorrelativeNumber SERVICE method with correlative number: CORR123
2024-11-01 10:03:06 INFO  c.s.sistExp.service.ExpedientService - Exiting findByCorrelativeNumber SERVICE method...
2024-11-01 10:03:16 INFO  c.s.sistExp.service.ExpedientService - Entering in findByIssuer SERVICE method with issuer: Issuer Name
2024-11-01 10:03:16 INFO  c.s.sistExp.service.ExpedientService - Exiting findByIssuer SERVICE method...
2024-11-01 10:03:34 INFO  c.s.sistExp.service.ExpedientService - Entering in findByIssuer SERVICE method with issuer: Issuer Name
2024-11-01 10:03:34 INFO  c.s.sistExp.service.ExpedientService - Exiting findByIssuer SERVICE method...
2024-11-01 10:03:50 INFO  c.s.sistExp.service.ExpedientService - Entering in findByIssuer SERVICE method with issuer: Issuer Name
2024-11-01 10:03:50 INFO  c.s.sistExp.service.ExpedientService - Exiting findByIssuer SERVICE method...
2024-11-01 10:03:59 INFO  c.s.sistExp.service.ExpedientService - Entering in findBySolicitude SERVICE method with solicitude: Solicitud123
2024-11-01 10:03:59 INFO  c.s.sistExp.service.ExpedientService - Exiting findBySolicitude SERVICE method...
2024-11-01 10:04:53 INFO  c.s.sistExp.service.ExpedientService - Entering in findBySolicitude SERVICE method with solicitude: Solicitud123
2024-11-01 10:04:53 INFO  c.s.sistExp.service.ExpedientService - Exiting findBySolicitude SERVICE method...
2024-11-01 10:05:02 INFO  c.s.sistExp.service.ExpedientService - Entering in findByStatus SERVICE method with status: Active
2024-11-01 10:05:02 INFO  c.s.sistExp.service.ExpedientService - Exiting findByStatus SERVICE method...
2024-11-01 10:05:16 INFO  c.s.sistExp.service.ExpedientService - Entering in findByStatus SERVICE method with status: Active
2024-11-01 10:05:16 INFO  c.s.sistExp.service.ExpedientService - Exiting findByStatus SERVICE method...
2024-11-01 10:05:32 INFO  c.s.sistExp.service.ExpedientService - Entering findByLocation SERVICE method with location: subsec
2024-11-01 10:07:11 INFO  c.s.sistExp.service.ExpedientService - Entering findByLocation SERVICE method with location: subsec
2024-11-01 10:07:47 INFO  c.s.sistExp.service.ExpedientService - Entering findRegulationsByIssuer SERVICE method with issuer: Issuer Name
2024-11-01 10:07:56 INFO  c.s.sistExp.service.ExpedientService - Entering findSolicitudeByIssuer SERVICE method with issuer: Issuer Name
2024-11-01 10:07:56 INFO  c.s.sistExp.service.ExpedientService - Exiting findSolicitudeByIssuer SERVICE method successfully with 1 results
2024-11-01 10:08:15 INFO  c.s.sistExp.service.ExpedientService - Entering findSolicitudeByIssuer SERVICE method with issuer: Issuer Name
2024-11-01 10:08:15 INFO  c.s.sistExp.service.ExpedientService - Exiting findSolicitudeByIssuer SERVICE method successfully with 1 results
2024-11-01 10:10:15 INFO  c.s.sistExp.service.ExpedientService - Entering findByLocation SERVICE method with location: subsec
2024-11-01 10:11:54 INFO  c.s.sistExp.service.ExpedientService - Entering findSolicitudeByIssuer SERVICE method with issuer: Issuer Name
2024-11-01 10:11:55 INFO  c.s.sistExp.service.ExpedientService - Exiting findSolicitudeByIssuer SERVICE method successfully with 1 results
2024-11-01 10:12:22 INFO  c.s.sistExp.service.ExpedientService - Entering findSolicitudeByIssuer SERVICE method with issuer: Issuer Name
2024-11-01 10:12:22 INFO  c.s.sistExp.service.ExpedientService - Exiting findSolicitudeByIssuer SERVICE method successfully with 1 results
2024-11-01 10:14:08 INFO  c.s.sistExp.service.ExpedientService - Entering findByLocation SERVICE method with location: place
2024-11-01 10:14:36 INFO  c.s.sistExp.service.ExpedientService - Entering findByLocation SERVICE method with location: subsec
2024-11-01 10:15:45 INFO  c.s.sistExp.service.ExpedientService - Entering findByLocation SERVICE method with location: subsec
2024-11-01 10:16:02 INFO  c.s.sistExp.service.ExpedientService - Entering findByLocation SERVICE method with location: subset
2024-11-01 10:17:52 INFO  c.s.sistExp.service.ExpedientService - Entering findByLocation SERVICE method with location: place
2024-11-01 10:21:08 INFO  c.s.sistExp.service.ExpedientService - Entering findByLocation SERVICE method with location: place
2024-11-01 10:21:08 INFO  c.s.sistExp.service.ExpedientService - Exiting findByLocation SERVICE method...
2024-11-01 10:21:47 INFO  c.s.sistExp.service.ExpedientService - Entering findByLocation SERVICE method with location: place
2024-11-01 10:21:47 INFO  c.s.sistExp.service.ExpedientService - Exiting findByLocation SERVICE method...
2024-11-01 10:22:31 INFO  o.s.t.c.s.AnnotationConfigContextLoaderUtils - Could not detect default configuration classes for test class [com.sistemaExpedientes.sistExp.SistExpApplicationTests]: SistExpApplicationTests does not declare any static, non-private, non-final, nested classes annotated with @Configuration.
2024-11-01 10:22:31 INFO  o.s.b.t.c.SpringBootTestContextBootstrapper - Found @SpringBootConfiguration com.sistemaExpedientes.sistExp.SistExpApplication for test class com.sistemaExpedientes.sistExp.SistExpApplicationTests
2024-11-01 10:22:31 INFO  c.s.sistExp.SistExpApplicationTests - Starting SistExpApplicationTests using Java 17.0.11 with PID 24892 (started by pania in C:\Users\pania\OneDrive\Documentos\GitHub\SistemaExpedientes\sistema-expedientes)
2024-11-01 10:22:31 INFO  c.s.sistExp.SistExpApplicationTests - No active profile set, falling back to 1 default profile: "default"
2024-11-01 10:22:33 INFO  o.s.d.r.c.RepositoryConfigurationDelegate - Bootstrapping Spring Data JPA repositories in DEFAULT mode.
2024-11-01 10:22:33 INFO  o.s.d.r.c.RepositoryConfigurationDelegate - Finished Spring Data repository scanning in 92 ms. Found 5 JPA repository interfaces.
2024-11-01 10:22:33 INFO  o.h.jpa.internal.util.LogHelper - HHH000204: Processing PersistenceUnitInfo [name: default]
2024-11-01 10:22:33 INFO  org.hibernate.Version - HHH000412: Hibernate ORM core version 6.2.2.Final
2024-11-01 10:22:33 INFO  org.hibernate.cfg.Environment - HHH000406: Using bytecode reflection optimizer
2024-11-01 10:22:34 INFO  o.h.b.i.BytecodeProviderInitiator - HHH000021: Bytecode provider name : bytebuddy
2024-11-01 10:22:34 INFO  o.s.o.j.p.SpringPersistenceUnitInfo - No LoadTimeWeaver setup: ignoring JPA class transformer
2024-11-01 10:22:34 INFO  com.zaxxer.hikari.HikariDataSource - HikariPool-1 - Starting...
2024-11-01 10:22:34 INFO  com.zaxxer.hikari.pool.HikariPool - HikariPool-1 - Added connection org.postgresql.jdbc.PgConnection@44a93f8a
2024-11-01 10:22:34 INFO  com.zaxxer.hikari.HikariDataSource - HikariPool-1 - Start completed.
2024-11-01 10:22:34 INFO  org.hibernate.orm.dialect - HHH035001: Using dialect: org.hibernate.dialect.PostgreSQLDialect, version: org.hibernate.engine.jdbc.env.internal.JdbcEnvironmentInitiator$DialectResolutionInfoImpl@34cf0e80
2024-11-01 10:22:35 INFO  o.h.b.i.BytecodeProviderInitiator - HHH000021: Bytecode provider name : bytebuddy
2024-11-01 10:22:36 INFO  o.h.e.t.j.p.i.JtaPlatformInitiator - HHH000490: Using JtaPlatform implementation: [org.hibernate.engine.transaction.jta.platform.internal.NoJtaPlatform]
2024-11-01 10:22:36 INFO  o.s.o.j.LocalContainerEntityManagerFactoryBean - Initialized JPA EntityManagerFactory for persistence unit 'default'
2024-11-01 10:22:37 WARN  o.s.b.a.o.j.JpaBaseConfiguration$JpaWebConfiguration - spring.jpa.open-in-view is enabled by default. Therefore, database queries may be performed during view rendering. Explicitly configure spring.jpa.open-in-view to disable this warning
2024-11-01 10:22:39 INFO  c.s.sistExp.SistExpApplicationTests - Started SistExpApplicationTests in 7.684 seconds (process running for 9.263)
2024-11-01 10:22:42 INFO  c.s.sistExp.service.ExcelService - Total rows proccesed: 0
2024-11-01 10:22:42 INFO  c.s.sistExp.service.ExcelService - No se encontraron expedientes v涇idos para guardar.
2024-11-01 10:22:43 INFO  c.s.sistExp.service.ExpedientService - Entering in findByOrganizationCode SERVICE method with organization code: ORG123
2024-11-01 10:22:43 INFO  c.s.sistExp.service.ExpedientService - Exiting findByOrganizationCode SERVICE method...
2024-11-01 10:22:43 INFO  c.s.sistExp.service.ExpedientService - Entering in EditLocation SERVICE method...
2024-11-01 10:22:43 INFO  c.s.sistExp.service.ExpedientService - Entering in findOne SERVICE method...
2024-11-01 10:22:43 INFO  c.s.sistExp.service.ExpedientService - Exiting findOne SERVICE method...
2024-11-01 10:22:43 INFO  c.s.sistExp.service.ExpedientService - Entering in findAll SERVICE method...
2024-11-01 10:22:43 INFO  c.s.sistExp.service.ExpedientService - Exiting findAll SERVICE method...
2024-11-01 10:22:43 INFO  c.s.sistExp.service.ExpedientService - Entering in EditLocation SERVICE method...
2024-11-01 10:22:43 INFO  c.s.sistExp.service.ExpedientService - Entering in update SERVICE method with data: ExpedientRequestDTO(issuer=Issuer, organizationCode=Org123, correlativeNumber=12345, solicitude=Solicitude, year=2023, pdfPath=/path/to/pdf, regulations=[], locations=null) 
2024-11-01 10:22:43 INFO  c.s.sistExp.service.ExpedientService - Exiting Update SERVICE method...
2024-11-01 10:22:43 INFO  c.s.sistExp.service.ExpedientService - Entering in findByIssuer SERVICE method with issuer: Issuer Name
2024-11-01 10:22:43 INFO  c.s.sistExp.service.ExpedientService - Exiting findByIssuer SERVICE method...
2024-11-01 10:22:43 INFO  c.s.sistExp.service.ExpedientService - Entering in findBySolicitude SERVICE method with solicitude: Solicitud123
2024-11-01 10:22:43 INFO  c.s.sistExp.service.ExpedientService - Exiting findBySolicitude SERVICE method...
2024-11-01 10:22:43 INFO  c.s.sistExp.service.ExpedientService - Entering findByLocation SERVICE method with location: place
2024-11-01 10:22:43 INFO  c.s.sistExp.service.ExpedientService - Exiting findByLocation SERVICE method...
2024-11-01 10:22:43 INFO  c.s.sistExp.service.ExpedientService - Entering in Delete SERVICE method...
2024-11-01 10:22:43 INFO  c.s.sistExp.service.ExpedientService - Exiting Delete SERVICE method...
2024-11-01 10:22:43 INFO  c.s.sistExp.service.ExpedientService - Entering in create SERVICE method with data: ExpedientRequestDTO(issuer=Issuer Test, organizationCode=null, correlativeNumber=123456, solicitude=null, year=null, pdfPath=null, regulations=null, locations=null) 
2024-11-01 10:22:43 INFO  c.s.sistExp.service.ExpedientService - Entering findRegulationsByIssuer SERVICE method with issuer: Issuer Name
2024-11-01 10:22:43 INFO  c.s.sistExp.service.ExpedientService - Entering in AddLocation SERVICE method...
2024-11-01 10:22:43 INFO  c.s.sistExp.service.ExpedientService - Entering in findByCorrelativeNumber SERVICE method with correlative number: CORR123
2024-11-01 10:22:43 INFO  c.s.sistExp.service.ExpedientService - Exiting findByCorrelativeNumber SERVICE method...
2024-11-01 10:22:43 INFO  c.s.sistExp.service.ExpedientService - Entering in create SERVICE method with data: ExpedientRequestDTO(issuer=Issuer Test, organizationCode=null, correlativeNumber=123456, solicitude=null, year=null, pdfPath=null, regulations=null, locations=null) 
2024-11-01 10:22:43 INFO  c.s.sistExp.service.ExpedientService - Exiting create SERVICE method...
2024-11-01 10:22:43 INFO  c.s.sistExp.service.ExpedientService - Entering in findByStatus SERVICE method with status: Active
2024-11-01 10:22:43 INFO  c.s.sistExp.service.ExpedientService - Exiting findByStatus SERVICE method...
2024-11-01 10:22:43 INFO  c.s.sistExp.service.ExpedientService - Entering in update SERVICE method with data: ExpedientRequestDTO(issuer=null, organizationCode=null, correlativeNumber=12345, solicitude=null, year=null, pdfPath=null, regulations=null, locations=null) 
2024-11-01 10:22:43 INFO  c.s.sistExp.service.ExpedientService - Entering findSolicitudeByIssuer SERVICE method with issuer: Issuer Name
2024-11-01 10:22:43 INFO  c.s.sistExp.service.ExpedientService - Exiting findSolicitudeByIssuer SERVICE method successfully with 1 results
2024-11-01 10:22:43 INFO  c.s.sistExp.service.ExpedientService - Entering in Delete SERVICE method...
2024-11-01 10:22:43 INFO  c.s.sistExp.service.ExpedientService - Entering in AddLocation SERVICE method...
2024-11-01 10:22:43 INFO  c.s.sistExp.service.ExpedientService - Exiting addLocation SERVICE method succesfully!
2024-11-01 10:22:43 INFO  c.s.sistExp.service.ExpedientService - Entering in findByYear SERVICE method with year: 2023
2024-11-01 10:22:43 INFO  c.s.sistExp.service.ExpedientService - Exiting findByYear SERVICE method...
2024-11-01 10:22:43 INFO  o.s.o.j.LocalContainerEntityManagerFactoryBean - Closing JPA EntityManagerFactory for persistence unit 'default'
2024-11-01 10:22:43 INFO  com.zaxxer.hikari.HikariDataSource - HikariPool-1 - Shutdown initiated...
2024-11-01 10:22:43 INFO  com.zaxxer.hikari.HikariDataSource - HikariPool-1 - Shutdown completed.
2024-11-01 10:25:18 INFO  o.s.t.c.s.AnnotationConfigContextLoaderUtils - Could not detect default configuration classes for test class [com.sistemaExpedientes.sistExp.SistExpApplicationTests]: SistExpApplicationTests does not declare any static, non-private, non-final, nested classes annotated with @Configuration.
2024-11-01 10:25:18 INFO  o.s.b.t.c.SpringBootTestContextBootstrapper - Found @SpringBootConfiguration com.sistemaExpedientes.sistExp.SistExpApplication for test class com.sistemaExpedientes.sistExp.SistExpApplicationTests
2024-11-01 10:25:19 INFO  c.s.sistExp.SistExpApplicationTests - Starting SistExpApplicationTests using Java 17.0.11 with PID 20064 (started by pania in C:\Users\pania\OneDrive\Documentos\GitHub\SistemaExpedientes\sistema-expedientes)
2024-11-01 10:25:19 INFO  c.s.sistExp.SistExpApplicationTests - No active profile set, falling back to 1 default profile: "default"
2024-11-01 10:25:20 INFO  o.s.d.r.c.RepositoryConfigurationDelegate - Bootstrapping Spring Data JPA repositories in DEFAULT mode.
2024-11-01 10:25:20 INFO  o.s.d.r.c.RepositoryConfigurationDelegate - Finished Spring Data repository scanning in 107 ms. Found 5 JPA repository interfaces.
2024-11-01 10:25:20 INFO  o.h.jpa.internal.util.LogHelper - HHH000204: Processing PersistenceUnitInfo [name: default]
2024-11-01 10:25:21 INFO  org.hibernate.Version - HHH000412: Hibernate ORM core version 6.2.2.Final
2024-11-01 10:25:21 INFO  org.hibernate.cfg.Environment - HHH000406: Using bytecode reflection optimizer
2024-11-01 10:25:21 INFO  o.h.b.i.BytecodeProviderInitiator - HHH000021: Bytecode provider name : bytebuddy
2024-11-01 10:25:21 INFO  o.s.o.j.p.SpringPersistenceUnitInfo - No LoadTimeWeaver setup: ignoring JPA class transformer
2024-11-01 10:25:21 INFO  com.zaxxer.hikari.HikariDataSource - HikariPool-1 - Starting...
2024-11-01 10:25:21 INFO  com.zaxxer.hikari.pool.HikariPool - HikariPool-1 - Added connection org.postgresql.jdbc.PgConnection@1846ad0f
2024-11-01 10:25:21 INFO  com.zaxxer.hikari.HikariDataSource - HikariPool-1 - Start completed.
2024-11-01 10:25:21 INFO  org.hibernate.orm.dialect - HHH035001: Using dialect: org.hibernate.dialect.PostgreSQLDialect, version: org.hibernate.engine.jdbc.env.internal.JdbcEnvironmentInitiator$DialectResolutionInfoImpl@1bec1589
2024-11-01 10:25:22 INFO  o.h.b.i.BytecodeProviderInitiator - HHH000021: Bytecode provider name : bytebuddy
2024-11-01 10:25:23 INFO  o.h.e.t.j.p.i.JtaPlatformInitiator - HHH000490: Using JtaPlatform implementation: [org.hibernate.engine.transaction.jta.platform.internal.NoJtaPlatform]
2024-11-01 10:25:23 INFO  o.s.o.j.LocalContainerEntityManagerFactoryBean - Initialized JPA EntityManagerFactory for persistence unit 'default'
2024-11-01 10:25:24 WARN  o.s.b.a.o.j.JpaBaseConfiguration$JpaWebConfiguration - spring.jpa.open-in-view is enabled by default. Therefore, database queries may be performed during view rendering. Explicitly configure spring.jpa.open-in-view to disable this warning
2024-11-01 10:25:26 INFO  c.s.sistExp.SistExpApplicationTests - Started SistExpApplicationTests in 7.556 seconds (process running for 9.046)
2024-11-01 10:25:29 INFO  c.s.sistExp.service.ExcelService - Total rows proccesed: 0
2024-11-01 10:25:29 INFO  c.s.sistExp.service.ExcelService - No se encontraron expedientes v涇idos para guardar.
2024-11-01 10:25:29 INFO  c.s.sistExp.service.ExpedientService - Entering in findByOrganizationCode SERVICE method with organization code: ORG123
2024-11-01 10:25:29 INFO  c.s.sistExp.service.ExpedientService - Exiting findByOrganizationCode SERVICE method...
2024-11-01 10:25:29 INFO  c.s.sistExp.service.ExpedientService - Entering in EditLocation SERVICE method...
2024-11-01 10:25:29 INFO  c.s.sistExp.service.ExpedientService - Entering in findOne SERVICE method...
2024-11-01 10:25:29 INFO  c.s.sistExp.service.ExpedientService - Exiting findOne SERVICE method...
2024-11-01 10:25:29 INFO  c.s.sistExp.service.ExpedientService - Entering in findAll SERVICE method...
2024-11-01 10:25:29 INFO  c.s.sistExp.service.ExpedientService - Exiting findAll SERVICE method...
2024-11-01 10:25:29 INFO  c.s.sistExp.service.ExpedientService - Entering in EditLocation SERVICE method...
2024-11-01 10:25:29 INFO  c.s.sistExp.service.ExpedientService - Entering in update SERVICE method with data: ExpedientRequestDTO(issuer=Issuer, organizationCode=Org123, correlativeNumber=12345, solicitude=Solicitude, year=2023, pdfPath=/path/to/pdf, regulations=[], locations=null) 
2024-11-01 10:25:29 INFO  c.s.sistExp.service.ExpedientService - Exiting Update SERVICE method...
2024-11-01 10:25:29 INFO  c.s.sistExp.service.ExpedientService - Entering in findByIssuer SERVICE method with issuer: Issuer Name
2024-11-01 10:25:29 INFO  c.s.sistExp.service.ExpedientService - Exiting findByIssuer SERVICE method...
2024-11-01 10:25:29 INFO  c.s.sistExp.service.ExpedientService - Entering in findBySolicitude SERVICE method with solicitude: Solicitud123
2024-11-01 10:25:29 INFO  c.s.sistExp.service.ExpedientService - Exiting findBySolicitude SERVICE method...
2024-11-01 10:25:29 INFO  c.s.sistExp.service.ExpedientService - Entering findByLocation SERVICE method with location: place
2024-11-01 10:25:29 INFO  c.s.sistExp.service.ExpedientService - Exiting findByLocation SERVICE method...
2024-11-01 10:25:29 INFO  c.s.sistExp.service.ExpedientService - Entering in Delete SERVICE method...
2024-11-01 10:25:29 INFO  c.s.sistExp.service.ExpedientService - Exiting Delete SERVICE method...
2024-11-01 10:25:29 INFO  c.s.sistExp.service.ExpedientService - Entering in create SERVICE method with data: ExpedientRequestDTO(issuer=Issuer Test, organizationCode=null, correlativeNumber=123456, solicitude=null, year=null, pdfPath=null, regulations=null, locations=null) 
2024-11-01 10:25:29 INFO  c.s.sistExp.service.ExpedientService - Entering findRegulationsByIssuer SERVICE method with issuer: Issuer Name
2024-11-01 10:25:29 INFO  c.s.sistExp.service.ExpedientService - Entering in AddLocation SERVICE method...
2024-11-01 10:25:29 INFO  c.s.sistExp.service.ExpedientService - Entering in findByCorrelativeNumber SERVICE method with correlative number: CORR123
2024-11-01 10:25:29 INFO  c.s.sistExp.service.ExpedientService - Exiting findByCorrelativeNumber SERVICE method...
2024-11-01 10:25:29 INFO  c.s.sistExp.service.ExpedientService - Entering in create SERVICE method with data: ExpedientRequestDTO(issuer=Issuer Test, organizationCode=null, correlativeNumber=123456, solicitude=null, year=null, pdfPath=null, regulations=null, locations=null) 
2024-11-01 10:25:29 INFO  c.s.sistExp.service.ExpedientService - Exiting create SERVICE method...
2024-11-01 10:25:29 INFO  c.s.sistExp.service.ExpedientService - Entering in findByStatus SERVICE method with status: Active
2024-11-01 10:25:29 INFO  c.s.sistExp.service.ExpedientService - Exiting findByStatus SERVICE method...
2024-11-01 10:25:29 INFO  c.s.sistExp.service.ExpedientService - Entering in update SERVICE method with data: ExpedientRequestDTO(issuer=null, organizationCode=null, correlativeNumber=12345, solicitude=null, year=null, pdfPath=null, regulations=null, locations=null) 
2024-11-01 10:25:29 INFO  c.s.sistExp.service.ExpedientService - Entering findSolicitudeByIssuer SERVICE method with issuer: Issuer Name
2024-11-01 10:25:29 INFO  c.s.sistExp.service.ExpedientService - Exiting findSolicitudeByIssuer SERVICE method successfully with 1 results
2024-11-01 10:25:29 INFO  c.s.sistExp.service.ExpedientService - Entering in Delete SERVICE method...
2024-11-01 10:25:29 INFO  c.s.sistExp.service.ExpedientService - Entering in AddLocation SERVICE method...
2024-11-01 10:25:29 INFO  c.s.sistExp.service.ExpedientService - Exiting addLocation SERVICE method succesfully!
2024-11-01 10:25:29 INFO  c.s.sistExp.service.ExpedientService - Entering in findByYear SERVICE method with year: 2023
2024-11-01 10:25:29 INFO  c.s.sistExp.service.ExpedientService - Exiting findByYear SERVICE method...
2024-11-01 10:25:29 INFO  o.s.o.j.LocalContainerEntityManagerFactoryBean - Closing JPA EntityManagerFactory for persistence unit 'default'
2024-11-01 10:25:29 INFO  com.zaxxer.hikari.HikariDataSource - HikariPool-1 - Shutdown initiated...
2024-11-01 10:25:29 INFO  com.zaxxer.hikari.HikariDataSource - HikariPool-1 - Shutdown completed.
2024-11-01 10:31:32 INFO  o.s.t.c.s.AnnotationConfigContextLoaderUtils - Could not detect default configuration classes for test class [com.sistemaExpedientes.sistExp.SistExpApplicationTests]: SistExpApplicationTests does not declare any static, non-private, non-final, nested classes annotated with @Configuration.
2024-11-01 10:31:32 INFO  o.s.b.t.c.SpringBootTestContextBootstrapper - Found @SpringBootConfiguration com.sistemaExpedientes.sistExp.SistExpApplication for test class com.sistemaExpedientes.sistExp.SistExpApplicationTests
2024-11-01 10:31:32 INFO  c.s.sistExp.SistExpApplicationTests - Starting SistExpApplicationTests using Java 17.0.11 with PID 5804 (started by pania in C:\Users\pania\OneDrive\Documentos\GitHub\SistemaExpedientes\sistema-expedientes)
2024-11-01 10:31:32 INFO  c.s.sistExp.SistExpApplicationTests - No active profile set, falling back to 1 default profile: "default"
2024-11-01 10:31:33 INFO  o.s.d.r.c.RepositoryConfigurationDelegate - Bootstrapping Spring Data JPA repositories in DEFAULT mode.
2024-11-01 10:31:34 INFO  o.s.d.r.c.RepositoryConfigurationDelegate - Finished Spring Data repository scanning in 100 ms. Found 5 JPA repository interfaces.
2024-11-01 10:31:34 INFO  o.h.jpa.internal.util.LogHelper - HHH000204: Processing PersistenceUnitInfo [name: default]
2024-11-01 10:31:34 INFO  org.hibernate.Version - HHH000412: Hibernate ORM core version 6.2.2.Final
2024-11-01 10:31:34 INFO  org.hibernate.cfg.Environment - HHH000406: Using bytecode reflection optimizer
2024-11-01 10:31:35 INFO  o.h.b.i.BytecodeProviderInitiator - HHH000021: Bytecode provider name : bytebuddy
2024-11-01 10:31:35 INFO  o.s.o.j.p.SpringPersistenceUnitInfo - No LoadTimeWeaver setup: ignoring JPA class transformer
2024-11-01 10:31:35 INFO  com.zaxxer.hikari.HikariDataSource - HikariPool-1 - Starting...
2024-11-01 10:31:35 INFO  com.zaxxer.hikari.pool.HikariPool - HikariPool-1 - Added connection org.postgresql.jdbc.PgConnection@278de2b2
2024-11-01 10:31:35 INFO  com.zaxxer.hikari.HikariDataSource - HikariPool-1 - Start completed.
2024-11-01 10:31:35 INFO  org.hibernate.orm.dialect - HHH035001: Using dialect: org.hibernate.dialect.PostgreSQLDialect, version: org.hibernate.engine.jdbc.env.internal.JdbcEnvironmentInitiator$DialectResolutionInfoImpl@2c2a7d53
2024-11-01 10:31:36 INFO  o.h.b.i.BytecodeProviderInitiator - HHH000021: Bytecode provider name : bytebuddy
2024-11-01 10:31:36 INFO  o.h.e.t.j.p.i.JtaPlatformInitiator - HHH000490: Using JtaPlatform implementation: [org.hibernate.engine.transaction.jta.platform.internal.NoJtaPlatform]
2024-11-01 10:31:36 INFO  o.s.o.j.LocalContainerEntityManagerFactoryBean - Initialized JPA EntityManagerFactory for persistence unit 'default'
2024-11-01 10:31:38 WARN  o.s.b.a.o.j.JpaBaseConfiguration$JpaWebConfiguration - spring.jpa.open-in-view is enabled by default. Therefore, database queries may be performed during view rendering. Explicitly configure spring.jpa.open-in-view to disable this warning
2024-11-01 10:31:40 INFO  c.s.sistExp.SistExpApplicationTests - Started SistExpApplicationTests in 7.515 seconds (process running for 9.105)
2024-11-01 10:31:43 INFO  c.s.sistExp.service.ExcelService - Total rows proccesed: 0
2024-11-01 10:31:43 INFO  c.s.sistExp.service.ExcelService - No se encontraron expedientes v涇idos para guardar.
2024-11-01 10:31:43 INFO  c.s.sistExp.service.ExpedientService - Entering in findByOrganizationCode SERVICE method with organization code: ORG123
2024-11-01 10:31:43 INFO  c.s.sistExp.service.ExpedientService - Exiting findByOrganizationCode SERVICE method...
2024-11-01 10:31:43 INFO  c.s.sistExp.service.ExpedientService - Entering in EditLocation SERVICE method...
2024-11-01 10:31:43 INFO  c.s.sistExp.service.ExpedientService - Entering in findOne SERVICE method...
2024-11-01 10:31:43 INFO  c.s.sistExp.service.ExpedientService - Exiting findOne SERVICE method...
2024-11-01 10:31:43 INFO  c.s.sistExp.service.ExpedientService - Entering in findAll SERVICE method...
2024-11-01 10:31:43 INFO  c.s.sistExp.service.ExpedientService - Exiting findAll SERVICE method...
2024-11-01 10:31:43 INFO  c.s.sistExp.service.ExpedientService - Entering in EditLocation SERVICE method...
2024-11-01 10:31:43 INFO  c.s.sistExp.service.ExpedientService - Entering in update SERVICE method with data: ExpedientRequestDTO(issuer=Issuer, organizationCode=Org123, correlativeNumber=12345, solicitude=Solicitude, year=2023, pdfPath=/path/to/pdf, regulations=[], locations=null) 
2024-11-01 10:31:43 INFO  c.s.sistExp.service.ExpedientService - Exiting Update SERVICE method...
2024-11-01 10:31:43 INFO  c.s.sistExp.service.ExpedientService - Entering in findByIssuer SERVICE method with issuer: Issuer Name
2024-11-01 10:31:43 INFO  c.s.sistExp.service.ExpedientService - Exiting findByIssuer SERVICE method...
2024-11-01 10:31:43 INFO  c.s.sistExp.service.ExpedientService - Entering in findBySolicitude SERVICE method with solicitude: Solicitud123
2024-11-01 10:31:43 INFO  c.s.sistExp.service.ExpedientService - Exiting findBySolicitude SERVICE method...
2024-11-01 10:31:43 INFO  c.s.sistExp.service.ExpedientService - Entering findByLocation SERVICE method with location: place
2024-11-01 10:31:43 INFO  c.s.sistExp.service.ExpedientService - Exiting findByLocation SERVICE method...
2024-11-01 10:31:43 INFO  c.s.sistExp.service.ExpedientService - Entering in Delete SERVICE method...
2024-11-01 10:31:43 INFO  c.s.sistExp.service.ExpedientService - Exiting Delete SERVICE method...
2024-11-01 10:31:43 INFO  c.s.sistExp.service.ExpedientService - Entering in create SERVICE method with data: ExpedientRequestDTO(issuer=Issuer Test, organizationCode=null, correlativeNumber=123456, solicitude=null, year=null, pdfPath=null, regulations=null, locations=null) 
2024-11-01 10:31:43 INFO  c.s.sistExp.service.ExpedientService - Entering findRegulationsByIssuer SERVICE method with issuer: Issuer Name
2024-11-01 10:31:43 INFO  c.s.sistExp.service.ExpedientService - Entering in AddLocation SERVICE method...
2024-11-01 10:31:43 INFO  c.s.sistExp.service.ExpedientService - Entering in findByCorrelativeNumber SERVICE method with correlative number: CORR123
2024-11-01 10:31:43 INFO  c.s.sistExp.service.ExpedientService - Exiting findByCorrelativeNumber SERVICE method...
2024-11-01 10:31:43 INFO  c.s.sistExp.service.ExpedientService - Entering in create SERVICE method with data: ExpedientRequestDTO(issuer=Issuer Test, organizationCode=null, correlativeNumber=123456, solicitude=null, year=null, pdfPath=null, regulations=null, locations=null) 
2024-11-01 10:31:43 INFO  c.s.sistExp.service.ExpedientService - Exiting create SERVICE method...
2024-11-01 10:31:43 INFO  c.s.sistExp.service.ExpedientService - Entering in findByStatus SERVICE method with status: Active
2024-11-01 10:31:43 INFO  c.s.sistExp.service.ExpedientService - Exiting findByStatus SERVICE method...
2024-11-01 10:31:43 INFO  c.s.sistExp.service.ExpedientService - Entering in update SERVICE method with data: ExpedientRequestDTO(issuer=null, organizationCode=null, correlativeNumber=12345, solicitude=null, year=null, pdfPath=null, regulations=null, locations=null) 
2024-11-01 10:31:43 INFO  c.s.sistExp.service.ExpedientService - Entering findSolicitudeByIssuer SERVICE method with issuer: Issuer Name
2024-11-01 10:31:43 INFO  c.s.sistExp.service.ExpedientService - Exiting findSolicitudeByIssuer SERVICE method successfully with 1 results
2024-11-01 10:31:43 INFO  c.s.sistExp.service.ExpedientService - Entering in Delete SERVICE method...
2024-11-01 10:31:43 INFO  c.s.sistExp.service.ExpedientService - Entering in AddLocation SERVICE method...
2024-11-01 10:31:43 INFO  c.s.sistExp.service.ExpedientService - Exiting addLocation SERVICE method succesfully!
2024-11-01 10:31:43 INFO  c.s.sistExp.service.ExpedientService - Entering in findByYear SERVICE method with year: 2023
2024-11-01 10:31:43 INFO  c.s.sistExp.service.ExpedientService - Exiting findByYear SERVICE method...
2024-11-01 10:31:43 INFO  o.s.o.j.LocalContainerEntityManagerFactoryBean - Closing JPA EntityManagerFactory for persistence unit 'default'
2024-11-01 10:31:43 INFO  com.zaxxer.hikari.HikariDataSource - HikariPool-1 - Shutdown initiated...
2024-11-01 10:31:43 INFO  com.zaxxer.hikari.HikariDataSource - HikariPool-1 - Shutdown completed.
2024-11-01 10:32:44 INFO  c.s.sistExp.SistExpApplication - Starting SistExpApplication using Java 17.0.11 with PID 24756 (C:\Users\pania\OneDrive\Documentos\GitHub\SistemaExpedientes\sistema-expedientes\target\classes started by pania in C:\Users\pania\OneDrive\Documentos\GitHub\SistemaExpedientes\sistema-expedientes)
2024-11-01 10:32:44 INFO  c.s.sistExp.SistExpApplication - No active profile set, falling back to 1 default profile: "default"
2024-11-01 10:32:45 INFO  o.s.b.d.e.DevToolsPropertyDefaultsPostProcessor - Devtools property defaults active! Set 'spring.devtools.add-properties' to 'false' to disable
2024-11-01 10:32:45 INFO  o.s.b.d.e.DevToolsPropertyDefaultsPostProcessor - For additional web related logging consider setting the 'logging.level.web' property to 'DEBUG'
2024-11-01 10:32:46 INFO  o.s.d.r.c.RepositoryConfigurationDelegate - Bootstrapping Spring Data JPA repositories in DEFAULT mode.
2024-11-01 10:32:46 INFO  o.s.d.r.c.RepositoryConfigurationDelegate - Finished Spring Data repository scanning in 75 ms. Found 5 JPA repository interfaces.
2024-11-01 10:32:47 INFO  o.s.b.w.e.tomcat.TomcatWebServer - Tomcat initialized with port(s): 8080 (http)
2024-11-01 10:32:47 INFO  o.a.coyote.http11.Http11NioProtocol - Initializing ProtocolHandler ["http-nio-8080"]
2024-11-01 10:32:47 INFO  o.a.catalina.core.StandardService - Starting service [Tomcat]
2024-11-01 10:32:47 INFO  o.a.catalina.core.StandardEngine - Starting Servlet engine: [Apache Tomcat/10.1.8]
2024-11-01 10:32:47 INFO  o.a.c.c.C.[Tomcat].[localhost].[/] - Initializing Spring embedded WebApplicationContext
2024-11-01 10:32:47 INFO  o.s.b.w.s.c.ServletWebServerApplicationContext - Root WebApplicationContext: initialization completed in 2427 ms
2024-11-01 10:32:47 INFO  o.h.jpa.internal.util.LogHelper - HHH000204: Processing PersistenceUnitInfo [name: default]
2024-11-01 10:32:47 INFO  org.hibernate.Version - HHH000412: Hibernate ORM core version 6.2.2.Final
2024-11-01 10:32:47 INFO  org.hibernate.cfg.Environment - HHH000406: Using bytecode reflection optimizer
2024-11-01 10:32:48 INFO  o.h.b.i.BytecodeProviderInitiator - HHH000021: Bytecode provider name : bytebuddy
2024-11-01 10:32:48 INFO  o.s.o.j.p.SpringPersistenceUnitInfo - No LoadTimeWeaver setup: ignoring JPA class transformer
2024-11-01 10:32:48 INFO  com.zaxxer.hikari.HikariDataSource - HikariPool-1 - Starting...
2024-11-01 10:32:48 INFO  com.zaxxer.hikari.pool.HikariPool - HikariPool-1 - Added connection org.postgresql.jdbc.PgConnection@14b386b9
2024-11-01 10:32:48 INFO  com.zaxxer.hikari.HikariDataSource - HikariPool-1 - Start completed.
2024-11-01 10:32:48 INFO  org.hibernate.orm.dialect - HHH035001: Using dialect: org.hibernate.dialect.PostgreSQLDialect, version: org.hibernate.engine.jdbc.env.internal.JdbcEnvironmentInitiator$DialectResolutionInfoImpl@53ab0bc8
2024-11-01 10:32:48 INFO  o.h.b.i.BytecodeProviderInitiator - HHH000021: Bytecode provider name : bytebuddy
2024-11-01 10:32:49 INFO  o.h.e.t.j.p.i.JtaPlatformInitiator - HHH000490: Using JtaPlatform implementation: [org.hibernate.engine.transaction.jta.platform.internal.NoJtaPlatform]
2024-11-01 10:32:49 INFO  o.s.o.j.LocalContainerEntityManagerFactoryBean - Initialized JPA EntityManagerFactory for persistence unit 'default'
2024-11-01 10:32:50 WARN  o.s.b.a.o.j.JpaBaseConfiguration$JpaWebConfiguration - spring.jpa.open-in-view is enabled by default. Therefore, database queries may be performed during view rendering. Explicitly configure spring.jpa.open-in-view to disable this warning
2024-11-01 10:32:52 INFO  o.s.b.d.a.OptionalLiveReloadServer - LiveReload server is running on port 35729
2024-11-01 10:32:52 INFO  o.a.coyote.http11.Http11NioProtocol - Starting ProtocolHandler ["http-nio-8080"]
2024-11-01 10:32:52 INFO  o.s.b.w.e.tomcat.TomcatWebServer - Tomcat started on port(s): 8080 (http) with context path ''
2024-11-01 10:32:52 INFO  c.s.sistExp.SistExpApplication - Started SistExpApplication in 8.138 seconds (process running for 8.916)
2024-11-01 10:32:55 INFO  o.s.o.j.LocalContainerEntityManagerFactoryBean - Closing JPA EntityManagerFactory for persistence unit 'default'
2024-11-01 10:32:55 INFO  com.zaxxer.hikari.HikariDataSource - HikariPool-1 - Shutdown initiated...
2024-11-01 10:32:55 INFO  com.zaxxer.hikari.HikariDataSource - HikariPool-1 - Shutdown completed.
2024-11-01 10:35:49 INFO  c.s.sistExp.SistExpApplication - Starting SistExpApplication using Java 17.0.11 with PID 25124 (C:\Users\pania\OneDrive\Documentos\GitHub\SistemaExpedientes\sistema-expedientes\target\classes started by pania in C:\Users\pania\OneDrive\Documentos\GitHub\SistemaExpedientes\sistema-expedientes)
2024-11-01 10:35:49 INFO  c.s.sistExp.SistExpApplication - No active profile set, falling back to 1 default profile: "default"
2024-11-01 10:35:49 INFO  o.s.b.d.e.DevToolsPropertyDefaultsPostProcessor - Devtools property defaults active! Set 'spring.devtools.add-properties' to 'false' to disable
2024-11-01 10:35:49 INFO  o.s.b.d.e.DevToolsPropertyDefaultsPostProcessor - For additional web related logging consider setting the 'logging.level.web' property to 'DEBUG'
2024-11-01 10:35:50 INFO  o.s.d.r.c.RepositoryConfigurationDelegate - Bootstrapping Spring Data JPA repositories in DEFAULT mode.
2024-11-01 10:35:50 INFO  o.s.d.r.c.RepositoryConfigurationDelegate - Finished Spring Data repository scanning in 86 ms. Found 5 JPA repository interfaces.
2024-11-01 10:35:51 INFO  o.s.b.w.e.tomcat.TomcatWebServer - Tomcat initialized with port(s): 8080 (http)
2024-11-01 10:35:51 INFO  o.a.coyote.http11.Http11NioProtocol - Initializing ProtocolHandler ["http-nio-8080"]
2024-11-01 10:35:51 INFO  o.a.catalina.core.StandardService - Starting service [Tomcat]
2024-11-01 10:35:51 INFO  o.a.catalina.core.StandardEngine - Starting Servlet engine: [Apache Tomcat/10.1.8]
2024-11-01 10:35:51 INFO  o.a.c.c.C.[Tomcat].[localhost].[/] - Initializing Spring embedded WebApplicationContext
2024-11-01 10:35:51 INFO  o.s.b.w.s.c.ServletWebServerApplicationContext - Root WebApplicationContext: initialization completed in 2486 ms
2024-11-01 10:35:52 INFO  o.h.jpa.internal.util.LogHelper - HHH000204: Processing PersistenceUnitInfo [name: default]
2024-11-01 10:35:52 INFO  org.hibernate.Version - HHH000412: Hibernate ORM core version 6.2.2.Final
2024-11-01 10:35:52 INFO  org.hibernate.cfg.Environment - HHH000406: Using bytecode reflection optimizer
2024-11-01 10:35:52 INFO  o.h.b.i.BytecodeProviderInitiator - HHH000021: Bytecode provider name : bytebuddy
2024-11-01 10:35:52 INFO  o.s.o.j.p.SpringPersistenceUnitInfo - No LoadTimeWeaver setup: ignoring JPA class transformer
2024-11-01 10:35:52 INFO  com.zaxxer.hikari.HikariDataSource - HikariPool-1 - Starting...
2024-11-01 10:35:52 INFO  com.zaxxer.hikari.pool.HikariPool - HikariPool-1 - Added connection org.postgresql.jdbc.PgConnection@4674c08d
2024-11-01 10:35:52 INFO  com.zaxxer.hikari.HikariDataSource - HikariPool-1 - Start completed.
2024-11-01 10:35:52 INFO  org.hibernate.orm.dialect - HHH035001: Using dialect: org.hibernate.dialect.PostgreSQLDialect, version: org.hibernate.engine.jdbc.env.internal.JdbcEnvironmentInitiator$DialectResolutionInfoImpl@2b4098b0
2024-11-01 10:35:53 INFO  o.h.b.i.BytecodeProviderInitiator - HHH000021: Bytecode provider name : bytebuddy
2024-11-01 10:35:53 INFO  o.h.e.t.j.p.i.JtaPlatformInitiator - HHH000490: Using JtaPlatform implementation: [org.hibernate.engine.transaction.jta.platform.internal.NoJtaPlatform]
2024-11-01 10:35:54 INFO  o.s.o.j.LocalContainerEntityManagerFactoryBean - Initialized JPA EntityManagerFactory for persistence unit 'default'
2024-11-01 10:35:54 WARN  o.s.b.a.o.j.JpaBaseConfiguration$JpaWebConfiguration - spring.jpa.open-in-view is enabled by default. Therefore, database queries may be performed during view rendering. Explicitly configure spring.jpa.open-in-view to disable this warning
2024-11-01 10:35:56 INFO  o.s.b.d.a.OptionalLiveReloadServer - LiveReload server is running on port 35729
2024-11-01 10:35:56 INFO  o.a.coyote.http11.Http11NioProtocol - Starting ProtocolHandler ["http-nio-8080"]
2024-11-01 10:35:56 INFO  o.s.b.w.e.tomcat.TomcatWebServer - Tomcat started on port(s): 8080 (http) with context path ''
2024-11-01 10:35:56 INFO  c.s.sistExp.SistExpApplication - Started SistExpApplication in 8.05 seconds (process running for 8.865)
2024-11-01 10:36:10 INFO  o.a.c.c.C.[Tomcat].[localhost].[/] - Initializing Spring DispatcherServlet 'dispatcherServlet'
2024-11-01 10:36:10 INFO  o.s.web.servlet.DispatcherServlet - Initializing Servlet 'dispatcherServlet'
2024-11-01 10:36:10 INFO  o.s.web.servlet.DispatcherServlet - Completed initialization in 1 ms
2024-11-01 10:36:10 INFO  c.s.s.controller.ExpedientController - Entering findAll CONTROLLER method...
2024-11-01 10:36:10 INFO  c.s.sistExp.service.ExpedientService - Entering in findAll SERVICE method...
2024-11-01 10:36:10 INFO  c.s.sistExp.service.ExpedientService - Exiting findAll SERVICE method...
2024-11-01 10:36:13 INFO  c.s.s.controller.ExpedientController - Exiting findAll CONTROLLER method...
2024-11-01 10:40:27 INFO  c.s.s.controller.ExpedientController - Entering findAll CONTROLLER method...
2024-11-01 10:40:27 INFO  c.s.sistExp.service.ExpedientService - Entering in findAll SERVICE method...
2024-11-01 10:40:27 INFO  c.s.sistExp.service.ExpedientService - Exiting findAll SERVICE method...
2024-11-01 10:40:29 INFO  c.s.s.controller.ExpedientController - Exiting findAll CONTROLLER method...
2024-11-01 10:40:34 INFO  c.s.s.controller.ExpedientController - Entering findByYear CONTROLLER method with year: 23
2024-11-01 10:40:34 INFO  c.s.sistExp.service.ExpedientService - Entering in findByYear SERVICE method with year: 23
2024-11-01 10:40:35 INFO  c.s.sistExp.service.ExpedientService - Exiting findByYear SERVICE method...
2024-11-01 10:40:35 INFO  c.s.s.controller.ExpedientController - Exiting findByYear CONTROLLER method...
2024-11-01 10:40:42 INFO  c.s.s.controller.ExpedientController - Entering findByYear CONTROLLER method with year: 24
2024-11-01 10:40:42 INFO  c.s.sistExp.service.ExpedientService - Entering in findByYear SERVICE method with year: 24
2024-11-01 10:40:42 INFO  c.s.sistExp.service.ExpedientService - Exiting findByYear SERVICE method...
2024-11-01 10:40:43 INFO  c.s.s.controller.ExpedientController - Exiting findByYear CONTROLLER method...
2024-11-01 10:40:48 INFO  c.s.s.controller.ExpedientController - Entering findByYear CONTROLLER method with year: 23
2024-11-01 10:40:48 INFO  c.s.sistExp.service.ExpedientService - Entering in findByYear SERVICE method with year: 23
2024-11-01 10:40:48 INFO  c.s.sistExp.service.ExpedientService - Exiting findByYear SERVICE method...
2024-11-01 10:40:48 INFO  c.s.s.controller.ExpedientController - Exiting findByYear CONTROLLER method...
2024-11-01 10:41:48 INFO  c.s.s.controller.ExpedientController - Entering findByYear CONTROLLER method with year: 24
2024-11-01 10:41:48 INFO  c.s.sistExp.service.ExpedientService - Entering in findByYear SERVICE method with year: 24
2024-11-01 10:41:48 INFO  c.s.sistExp.service.ExpedientService - Exiting findByYear SERVICE method...
2024-11-01 10:41:49 INFO  c.s.s.controller.ExpedientController - Exiting findByYear CONTROLLER method...
2024-11-01 10:44:26 WARN  o.s.h.c.j.MappingJackson2HttpMessageConverter - Failed to evaluate Jackson deserialization for type [[simple type, class com.sistemaExpedientes.sistExp.dto.request.ExpedientRequestDTO]]: java.lang.IllegalArgumentException: Cannot handle managed/back reference 'defaultReference': type: value deserializer of type com.fasterxml.jackson.databind.deser.std.StringDeserializer does not support them
2024-11-01 10:44:26 WARN  o.s.h.c.j.MappingJackson2HttpMessageConverter - Failed to evaluate Jackson deserialization for type [[simple type, class com.sistemaExpedientes.sistExp.dto.request.ExpedientRequestDTO]]: java.lang.IllegalArgumentException: Cannot handle managed/back reference 'defaultReference': type: value deserializer of type com.fasterxml.jackson.databind.deser.std.StringDeserializer does not support them
2024-11-01 10:44:26 WARN  o.s.w.s.m.s.DefaultHandlerExceptionResolver - Resolved [org.springframework.web.HttpMediaTypeNotSupportedException: Content-Type 'application/json;charset=UTF-8' is not supported]
2024-11-01 10:45:41 INFO  c.s.s.controller.ExpedientController - Entering findAll CONTROLLER method...
2024-11-01 10:45:41 INFO  c.s.sistExp.service.ExpedientService - Entering in findAll SERVICE method...
2024-11-01 10:45:41 INFO  c.s.sistExp.service.ExpedientService - Exiting findAll SERVICE method...
2024-11-01 10:45:43 INFO  c.s.s.controller.ExpedientController - Exiting findAll CONTROLLER method...
2024-11-01 10:47:05 INFO  o.s.o.j.LocalContainerEntityManagerFactoryBean - Closing JPA EntityManagerFactory for persistence unit 'default'
2024-11-01 10:47:05 INFO  com.zaxxer.hikari.HikariDataSource - HikariPool-1 - Shutdown initiated...
2024-11-01 10:47:05 INFO  com.zaxxer.hikari.HikariDataSource - HikariPool-1 - Shutdown completed.
2024-11-01 11:17:43 INFO  c.s.sistExp.SistExpApplication - Starting SistExpApplication using Java 17.0.11 with PID 25824 (C:\Users\pania\OneDrive\Documentos\GitHub\SistemaExpedientes\sistema-expedientes\target\classes started by pania in C:\Users\pania\OneDrive\Documentos\GitHub\SistemaExpedientes\sistema-expedientes)
2024-11-01 11:17:43 INFO  c.s.sistExp.SistExpApplication - No active profile set, falling back to 1 default profile: "default"
2024-11-01 11:17:43 INFO  o.s.b.d.e.DevToolsPropertyDefaultsPostProcessor - Devtools property defaults active! Set 'spring.devtools.add-properties' to 'false' to disable
2024-11-01 11:17:43 INFO  o.s.b.d.e.DevToolsPropertyDefaultsPostProcessor - For additional web related logging consider setting the 'logging.level.web' property to 'DEBUG'
2024-11-01 11:17:44 INFO  o.s.d.r.c.RepositoryConfigurationDelegate - Bootstrapping Spring Data JPA repositories in DEFAULT mode.
2024-11-01 11:17:44 INFO  o.s.d.r.c.RepositoryConfigurationDelegate - Finished Spring Data repository scanning in 92 ms. Found 5 JPA repository interfaces.
2024-11-01 11:17:45 INFO  o.s.b.w.e.tomcat.TomcatWebServer - Tomcat initialized with port(s): 8080 (http)
2024-11-01 11:17:45 INFO  o.a.coyote.http11.Http11NioProtocol - Initializing ProtocolHandler ["http-nio-8080"]
2024-11-01 11:17:45 INFO  o.a.catalina.core.StandardService - Starting service [Tomcat]
2024-11-01 11:17:45 INFO  o.a.catalina.core.StandardEngine - Starting Servlet engine: [Apache Tomcat/10.1.8]
2024-11-01 11:17:45 INFO  o.a.c.c.C.[Tomcat].[localhost].[/] - Initializing Spring embedded WebApplicationContext
2024-11-01 11:17:45 INFO  o.s.b.w.s.c.ServletWebServerApplicationContext - Root WebApplicationContext: initialization completed in 2594 ms
2024-11-01 11:17:46 INFO  o.h.jpa.internal.util.LogHelper - HHH000204: Processing PersistenceUnitInfo [name: default]
2024-11-01 11:17:46 INFO  org.hibernate.Version - HHH000412: Hibernate ORM core version 6.2.2.Final
2024-11-01 11:17:46 INFO  org.hibernate.cfg.Environment - HHH000406: Using bytecode reflection optimizer
2024-11-01 11:17:46 INFO  o.h.b.i.BytecodeProviderInitiator - HHH000021: Bytecode provider name : bytebuddy
2024-11-01 11:17:46 INFO  o.s.o.j.p.SpringPersistenceUnitInfo - No LoadTimeWeaver setup: ignoring JPA class transformer
2024-11-01 11:17:46 INFO  com.zaxxer.hikari.HikariDataSource - HikariPool-1 - Starting...
2024-11-01 11:17:47 INFO  com.zaxxer.hikari.pool.HikariPool - HikariPool-1 - Added connection org.postgresql.jdbc.PgConnection@1bfa880a
2024-11-01 11:17:47 INFO  com.zaxxer.hikari.HikariDataSource - HikariPool-1 - Start completed.
2024-11-01 11:17:47 INFO  org.hibernate.orm.dialect - HHH035001: Using dialect: org.hibernate.dialect.PostgreSQLDialect, version: org.hibernate.engine.jdbc.env.internal.JdbcEnvironmentInitiator$DialectResolutionInfoImpl@7fd01c00
2024-11-01 11:17:47 INFO  o.h.b.i.BytecodeProviderInitiator - HHH000021: Bytecode provider name : bytebuddy
2024-11-01 11:17:48 INFO  o.h.e.t.j.p.i.JtaPlatformInitiator - HHH000490: Using JtaPlatform implementation: [org.hibernate.engine.transaction.jta.platform.internal.NoJtaPlatform]
2024-11-01 11:17:48 INFO  o.s.o.j.LocalContainerEntityManagerFactoryBean - Initialized JPA EntityManagerFactory for persistence unit 'default'
2024-11-01 11:17:49 WARN  o.s.b.a.o.j.JpaBaseConfiguration$JpaWebConfiguration - spring.jpa.open-in-view is enabled by default. Therefore, database queries may be performed during view rendering. Explicitly configure spring.jpa.open-in-view to disable this warning
2024-11-01 11:17:51 INFO  o.s.b.d.a.OptionalLiveReloadServer - LiveReload server is running on port 35729
2024-11-01 11:17:51 INFO  o.a.coyote.http11.Http11NioProtocol - Starting ProtocolHandler ["http-nio-8080"]
2024-11-01 11:17:51 INFO  o.s.b.w.e.tomcat.TomcatWebServer - Tomcat started on port(s): 8080 (http) with context path ''
2024-11-01 11:17:51 INFO  c.s.sistExp.SistExpApplication - Started SistExpApplication in 8.958 seconds (process running for 10.771)
2024-11-01 11:18:10 INFO  o.a.c.c.C.[Tomcat].[localhost].[/] - Initializing Spring DispatcherServlet 'dispatcherServlet'
2024-11-01 11:18:10 INFO  o.s.web.servlet.DispatcherServlet - Initializing Servlet 'dispatcherServlet'
2024-11-01 11:18:10 INFO  o.s.web.servlet.DispatcherServlet - Completed initialization in 1 ms
2024-11-01 11:18:10 INFO  c.s.s.controller.ExpedientController - Entering findAll CONTROLLER method...
2024-11-01 11:18:10 INFO  c.s.sistExp.service.ExpedientService - Entering in findAll SERVICE method...
2024-11-01 11:18:11 INFO  c.s.sistExp.service.ExpedientService - Exiting findAll SERVICE method...
2024-11-01 11:18:14 INFO  c.s.s.controller.ExpedientController - Exiting findAll CONTROLLER method...
2024-11-01 11:18:29 INFO  c.s.s.controller.ExpedientController - Entering findAll CONTROLLER method...
2024-11-01 11:18:29 INFO  c.s.sistExp.service.ExpedientService - Entering in findAll SERVICE method...
2024-11-01 11:18:29 INFO  c.s.sistExp.service.ExpedientService - Exiting findAll SERVICE method...
2024-11-01 11:18:32 INFO  c.s.s.controller.ExpedientController - Exiting findAll CONTROLLER method...
2024-11-01 11:18:48 WARN  o.s.h.c.j.MappingJackson2HttpMessageConverter - Failed to evaluate Jackson deserialization for type [[simple type, class com.sistemaExpedientes.sistExp.dto.request.ExpedientRequestDTO]]: java.lang.IllegalArgumentException: Cannot handle managed/back reference 'defaultReference': type: value deserializer of type com.fasterxml.jackson.databind.deser.std.StringDeserializer does not support them
2024-11-01 11:18:48 WARN  o.s.h.c.j.MappingJackson2HttpMessageConverter - Failed to evaluate Jackson deserialization for type [[simple type, class com.sistemaExpedientes.sistExp.dto.request.ExpedientRequestDTO]]: java.lang.IllegalArgumentException: Cannot handle managed/back reference 'defaultReference': type: value deserializer of type com.fasterxml.jackson.databind.deser.std.StringDeserializer does not support them
2024-11-01 11:18:48 WARN  o.s.w.s.m.s.DefaultHandlerExceptionResolver - Resolved [org.springframework.web.HttpMediaTypeNotSupportedException: Content-Type 'application/json;charset=UTF-8' is not supported]
2024-11-01 11:22:55 INFO  o.s.api.AbstractOpenApiResource - Init duration for springdoc-openapi is: 1156 ms
2024-11-01 11:23:21 WARN  o.s.h.c.j.MappingJackson2HttpMessageConverter - Failed to evaluate Jackson deserialization for type [[simple type, class com.sistemaExpedientes.sistExp.dto.request.ExpedientRequestDTO]]: java.lang.IllegalArgumentException: Cannot handle managed/back reference 'defaultReference': type: value deserializer of type com.fasterxml.jackson.databind.deser.std.StringDeserializer does not support them
2024-11-01 11:23:21 WARN  o.s.h.c.j.MappingJackson2HttpMessageConverter - Failed to evaluate Jackson deserialization for type [[simple type, class com.sistemaExpedientes.sistExp.dto.request.ExpedientRequestDTO]]: java.lang.IllegalArgumentException: Cannot handle managed/back reference 'defaultReference': type: value deserializer of type com.fasterxml.jackson.databind.deser.std.StringDeserializer does not support them
2024-11-01 11:23:21 WARN  o.s.w.s.m.s.DefaultHandlerExceptionResolver - Resolved [org.springframework.web.HttpMediaTypeNotSupportedException: Content-Type 'application/json;charset=UTF-8' is not supported]
2024-11-01 11:24:44 WARN  o.s.h.c.j.MappingJackson2HttpMessageConverter - Failed to evaluate Jackson deserialization for type [[simple type, class com.sistemaExpedientes.sistExp.dto.request.ExpedientRequestDTO]]: java.lang.IllegalArgumentException: Cannot handle managed/back reference 'defaultReference': type: value deserializer of type com.fasterxml.jackson.databind.deser.std.StringDeserializer does not support them
2024-11-01 11:24:44 WARN  o.s.h.c.j.MappingJackson2HttpMessageConverter - Failed to evaluate Jackson deserialization for type [[simple type, class com.sistemaExpedientes.sistExp.dto.request.ExpedientRequestDTO]]: java.lang.IllegalArgumentException: Cannot handle managed/back reference 'defaultReference': type: value deserializer of type com.fasterxml.jackson.databind.deser.std.StringDeserializer does not support them
2024-11-01 11:24:44 WARN  o.s.w.s.m.s.DefaultHandlerExceptionResolver - Resolved [org.springframework.web.HttpMediaTypeNotSupportedException: Content-Type 'application/json;charset=UTF-8' is not supported]
2024-11-01 11:26:05 INFO  c.s.s.controller.ExpedientController - Entering findAll CONTROLLER method...
2024-11-01 11:26:05 INFO  c.s.sistExp.service.ExpedientService - Entering in findAll SERVICE method...
2024-11-01 11:26:05 INFO  c.s.sistExp.service.ExpedientService - Exiting findAll SERVICE method...
2024-11-01 11:26:08 INFO  c.s.s.controller.ExpedientController - Exiting findAll CONTROLLER method...
2024-11-01 11:26:12 INFO  c.s.s.controller.ExpedientController - Entering findAll CONTROLLER method...
2024-11-01 11:26:12 INFO  c.s.sistExp.service.ExpedientService - Entering in findAll SERVICE method...
2024-11-01 11:26:12 INFO  c.s.sistExp.service.ExpedientService - Exiting findAll SERVICE method...
2024-11-01 11:26:15 INFO  c.s.s.controller.ExpedientController - Exiting findAll CONTROLLER method...
2024-11-01 11:30:16 INFO  o.s.o.j.LocalContainerEntityManagerFactoryBean - Closing JPA EntityManagerFactory for persistence unit 'default'
2024-11-01 11:30:16 INFO  com.zaxxer.hikari.HikariDataSource - HikariPool-1 - Shutdown initiated...
2024-11-01 11:30:16 INFO  com.zaxxer.hikari.HikariDataSource - HikariPool-1 - Shutdown completed.
2024-11-01 11:38:33 INFO  c.s.sistExp.SistExpApplication - Starting SistExpApplication using Java 17.0.11 with PID 25804 (C:\Users\pania\OneDrive\Documentos\GitHub\SistemaExpedientes\sistema-expedientes\target\classes started by pania in C:\Users\pania\OneDrive\Documentos\GitHub\SistemaExpedientes\sistema-expedientes)
2024-11-01 11:38:33 INFO  c.s.sistExp.SistExpApplication - No active profile set, falling back to 1 default profile: "default"
2024-11-01 11:38:33 INFO  o.s.b.d.e.DevToolsPropertyDefaultsPostProcessor - Devtools property defaults active! Set 'spring.devtools.add-properties' to 'false' to disable
2024-11-01 11:38:33 INFO  o.s.b.d.e.DevToolsPropertyDefaultsPostProcessor - For additional web related logging consider setting the 'logging.level.web' property to 'DEBUG'
2024-11-01 11:38:35 INFO  o.s.d.r.c.RepositoryConfigurationDelegate - Bootstrapping Spring Data JPA repositories in DEFAULT mode.
2024-11-01 11:38:35 INFO  o.s.d.r.c.RepositoryConfigurationDelegate - Finished Spring Data repository scanning in 128 ms. Found 5 JPA repository interfaces.
2024-11-01 11:38:36 INFO  o.s.b.w.e.tomcat.TomcatWebServer - Tomcat initialized with port(s): 8080 (http)
2024-11-01 11:38:36 INFO  o.a.coyote.http11.Http11NioProtocol - Initializing ProtocolHandler ["http-nio-8080"]
2024-11-01 11:38:36 INFO  o.a.catalina.core.StandardService - Starting service [Tomcat]
2024-11-01 11:38:36 INFO  o.a.catalina.core.StandardEngine - Starting Servlet engine: [Apache Tomcat/10.1.8]
2024-11-01 11:38:36 INFO  o.a.c.c.C.[Tomcat].[localhost].[/] - Initializing Spring embedded WebApplicationContext
2024-11-01 11:38:36 INFO  o.s.b.w.s.c.ServletWebServerApplicationContext - Root WebApplicationContext: initialization completed in 3087 ms
2024-11-01 11:38:37 INFO  o.h.jpa.internal.util.LogHelper - HHH000204: Processing PersistenceUnitInfo [name: default]
2024-11-01 11:38:37 INFO  org.hibernate.Version - HHH000412: Hibernate ORM core version 6.2.2.Final
2024-11-01 11:38:37 INFO  org.hibernate.cfg.Environment - HHH000406: Using bytecode reflection optimizer
2024-11-01 11:38:37 INFO  o.h.b.i.BytecodeProviderInitiator - HHH000021: Bytecode provider name : bytebuddy
2024-11-01 11:38:38 INFO  o.s.o.j.p.SpringPersistenceUnitInfo - No LoadTimeWeaver setup: ignoring JPA class transformer
2024-11-01 11:38:38 INFO  com.zaxxer.hikari.HikariDataSource - HikariPool-1 - Starting...
2024-11-01 11:38:38 INFO  com.zaxxer.hikari.pool.HikariPool - HikariPool-1 - Added connection org.postgresql.jdbc.PgConnection@db1c9f4
2024-11-01 11:38:38 INFO  com.zaxxer.hikari.HikariDataSource - HikariPool-1 - Start completed.
2024-11-01 11:38:38 INFO  org.hibernate.orm.dialect - HHH035001: Using dialect: org.hibernate.dialect.PostgreSQLDialect, version: org.hibernate.engine.jdbc.env.internal.JdbcEnvironmentInitiator$DialectResolutionInfoImpl@664b69bd
2024-11-01 11:38:38 INFO  o.h.b.i.BytecodeProviderInitiator - HHH000021: Bytecode provider name : bytebuddy
2024-11-01 11:38:39 INFO  o.h.e.t.j.p.i.JtaPlatformInitiator - HHH000490: Using JtaPlatform implementation: [org.hibernate.engine.transaction.jta.platform.internal.NoJtaPlatform]
2024-11-01 11:38:39 INFO  o.s.o.j.LocalContainerEntityManagerFactoryBean - Initialized JPA EntityManagerFactory for persistence unit 'default'
2024-11-01 11:38:40 WARN  o.s.b.a.o.j.JpaBaseConfiguration$JpaWebConfiguration - spring.jpa.open-in-view is enabled by default. Therefore, database queries may be performed during view rendering. Explicitly configure spring.jpa.open-in-view to disable this warning
2024-11-01 11:38:42 INFO  o.s.b.d.a.OptionalLiveReloadServer - LiveReload server is running on port 35729
2024-11-01 11:38:42 INFO  o.a.coyote.http11.Http11NioProtocol - Starting ProtocolHandler ["http-nio-8080"]
2024-11-01 11:38:42 INFO  o.s.b.w.e.tomcat.TomcatWebServer - Tomcat started on port(s): 8080 (http) with context path ''
2024-11-01 11:38:42 INFO  c.s.sistExp.SistExpApplication - Started SistExpApplication in 9.838 seconds (process running for 11.039)
2024-11-01 11:38:50 INFO  o.a.c.c.C.[Tomcat].[localhost].[/] - Initializing Spring DispatcherServlet 'dispatcherServlet'
2024-11-01 11:38:50 INFO  o.s.web.servlet.DispatcherServlet - Initializing Servlet 'dispatcherServlet'
2024-11-01 11:38:50 INFO  o.s.web.servlet.DispatcherServlet - Completed initialization in 2 ms
2024-11-01 11:38:50 INFO  c.s.s.controller.ExpedientController - Entering findAll CONTROLLER method...
2024-11-01 11:38:50 INFO  c.s.sistExp.service.ExpedientService - Entering in findAll SERVICE method...
2024-11-01 11:38:50 INFO  c.s.sistExp.service.ExpedientService - Exiting findAll SERVICE method...
2024-11-01 11:38:54 INFO  c.s.s.controller.ExpedientController - Exiting findAll CONTROLLER method...
2024-11-01 11:40:35 INFO  o.s.o.j.LocalContainerEntityManagerFactoryBean - Closing JPA EntityManagerFactory for persistence unit 'default'
2024-11-01 11:40:35 INFO  com.zaxxer.hikari.HikariDataSource - HikariPool-1 - Shutdown initiated...
2024-11-01 11:40:35 INFO  com.zaxxer.hikari.HikariDataSource - HikariPool-1 - Shutdown completed.
2024-11-01 19:01:22 INFO  c.s.sistExp.SistExpApplication - Starting SistExpApplication using Java 17.0.11 with PID 26668 (C:\Users\pania\OneDrive\Documentos\GitHub\SistemaExpedientes\sistema-expedientes\target\classes started by pania in C:\Users\pania\OneDrive\Documentos\GitHub\SistemaExpedientes\sistema-expedientes)
2024-11-01 19:01:22 INFO  c.s.sistExp.SistExpApplication - No active profile set, falling back to 1 default profile: "default"
2024-11-01 19:01:23 INFO  o.s.b.d.e.DevToolsPropertyDefaultsPostProcessor - Devtools property defaults active! Set 'spring.devtools.add-properties' to 'false' to disable
2024-11-01 19:01:23 INFO  o.s.b.d.e.DevToolsPropertyDefaultsPostProcessor - For additional web related logging consider setting the 'logging.level.web' property to 'DEBUG'
2024-11-01 19:01:24 INFO  o.s.d.r.c.RepositoryConfigurationDelegate - Bootstrapping Spring Data JPA repositories in DEFAULT mode.
2024-11-01 19:01:24 INFO  o.s.d.r.c.RepositoryConfigurationDelegate - Finished Spring Data repository scanning in 120 ms. Found 5 JPA repository interfaces.
2024-11-01 19:01:26 INFO  o.s.b.w.e.tomcat.TomcatWebServer - Tomcat initialized with port(s): 8080 (http)
2024-11-01 19:01:26 INFO  o.a.coyote.http11.Http11NioProtocol - Initializing ProtocolHandler ["http-nio-8080"]
2024-11-01 19:01:26 INFO  o.a.catalina.core.StandardService - Starting service [Tomcat]
2024-11-01 19:01:26 INFO  o.a.catalina.core.StandardEngine - Starting Servlet engine: [Apache Tomcat/10.1.8]
2024-11-01 19:01:26 INFO  o.a.c.c.C.[Tomcat].[localhost].[/] - Initializing Spring embedded WebApplicationContext
2024-11-01 19:01:26 INFO  o.s.b.w.s.c.ServletWebServerApplicationContext - Root WebApplicationContext: initialization completed in 3501 ms
2024-11-01 19:01:27 INFO  o.h.jpa.internal.util.LogHelper - HHH000204: Processing PersistenceUnitInfo [name: default]
2024-11-01 19:01:27 INFO  org.hibernate.Version - HHH000412: Hibernate ORM core version 6.2.2.Final
2024-11-01 19:01:27 INFO  org.hibernate.cfg.Environment - HHH000406: Using bytecode reflection optimizer
2024-11-01 19:01:27 INFO  o.h.b.i.BytecodeProviderInitiator - HHH000021: Bytecode provider name : bytebuddy
2024-11-01 19:01:27 INFO  o.s.o.j.p.SpringPersistenceUnitInfo - No LoadTimeWeaver setup: ignoring JPA class transformer
2024-11-01 19:01:27 INFO  com.zaxxer.hikari.HikariDataSource - HikariPool-1 - Starting...
2024-11-01 19:01:28 INFO  com.zaxxer.hikari.pool.HikariPool - HikariPool-1 - Added connection org.postgresql.jdbc.PgConnection@53f202ef
2024-11-01 19:01:28 INFO  com.zaxxer.hikari.HikariDataSource - HikariPool-1 - Start completed.
2024-11-01 19:01:28 INFO  org.hibernate.orm.dialect - HHH035001: Using dialect: org.hibernate.dialect.PostgreSQLDialect, version: org.hibernate.engine.jdbc.env.internal.JdbcEnvironmentInitiator$DialectResolutionInfoImpl@4f34686e
2024-11-01 19:01:28 INFO  o.h.b.i.BytecodeProviderInitiator - HHH000021: Bytecode provider name : bytebuddy
2024-11-01 19:01:29 INFO  o.h.e.t.j.p.i.JtaPlatformInitiator - HHH000490: Using JtaPlatform implementation: [org.hibernate.engine.transaction.jta.platform.internal.NoJtaPlatform]
2024-11-01 19:01:29 INFO  o.s.o.j.LocalContainerEntityManagerFactoryBean - Initialized JPA EntityManagerFactory for persistence unit 'default'
2024-11-01 19:01:30 WARN  o.s.b.a.o.j.JpaBaseConfiguration$JpaWebConfiguration - spring.jpa.open-in-view is enabled by default. Therefore, database queries may be performed during view rendering. Explicitly configure spring.jpa.open-in-view to disable this warning
2024-11-01 19:01:33 INFO  o.s.b.d.a.OptionalLiveReloadServer - LiveReload server is running on port 35729
2024-11-01 19:01:33 INFO  o.a.coyote.http11.Http11NioProtocol - Starting ProtocolHandler ["http-nio-8080"]
2024-11-01 19:01:33 INFO  o.s.b.w.e.tomcat.TomcatWebServer - Tomcat started on port(s): 8080 (http) with context path ''
2024-11-01 19:01:33 INFO  c.s.sistExp.SistExpApplication - Started SistExpApplication in 11.31 seconds (process running for 12.827)
2024-11-01 19:01:59 INFO  o.a.c.c.C.[Tomcat].[localhost].[/] - Initializing Spring DispatcherServlet 'dispatcherServlet'
2024-11-01 19:01:59 INFO  o.s.web.servlet.DispatcherServlet - Initializing Servlet 'dispatcherServlet'
2024-11-01 19:01:59 INFO  o.s.web.servlet.DispatcherServlet - Completed initialization in 3 ms
2024-11-01 19:02:00 INFO  c.s.s.controller.ExpedientController - Entering findAll CONTROLLER method...
2024-11-01 19:02:00 INFO  c.s.sistExp.service.ExpedientService - Entering in findAll SERVICE method...
2024-11-01 19:02:00 INFO  c.s.sistExp.service.ExpedientService - Exiting findAll SERVICE method...
2024-11-01 19:02:04 INFO  c.s.s.controller.ExpedientController - Exiting findAll CONTROLLER method...
2024-11-01 19:02:58 INFO  o.s.o.j.LocalContainerEntityManagerFactoryBean - Closing JPA EntityManagerFactory for persistence unit 'default'
2024-11-01 19:02:58 INFO  com.zaxxer.hikari.HikariDataSource - HikariPool-1 - Shutdown initiated...
2024-11-01 19:02:58 INFO  com.zaxxer.hikari.HikariDataSource - HikariPool-1 - Shutdown completed.
