2024-11-01 08:39:50 INFO  o.s.t.c.s.AnnotationConfigContextLoaderUtils - Could not detect default configuration classes for test class [com.sistemaExpedientes.sistExp.SistExpApplicationTests]: SistExpApplicationTests does not declare any static, non-private, non-final, nested classes annotated with @Configuration.
2024-11-01 08:39:50 INFO  o.s.b.t.c.SpringBootTestContextBootstrapper - Found @SpringBootConfiguration com.sistemaExpedientes.sistExp.SistExpApplication for test class com.sistemaExpedientes.sistExp.SistExpApplicationTests
2024-11-01 08:39:51 INFO  c.s.sistExp.SistExpApplicationTests - Starting SistExpApplicationTests using Java 17.0.11 with PID 8408 (started by pania in C:\Users\pania\OneDrive\Documentos\GitHub\SistemaExpedientes\sistema-expedientes)
2024-11-01 08:39:51 INFO  c.s.sistExp.SistExpApplicationTests - No active profile set, falling back to 1 default profile: "default"
2024-11-01 08:39:52 INFO  o.s.d.r.c.RepositoryConfigurationDelegate - Bootstrapping Spring Data JPA repositories in DEFAULT mode.
2024-11-01 08:39:53 INFO  o.s.d.r.c.RepositoryConfigurationDelegate - Finished Spring Data repository scanning in 124 ms. Found 5 JPA repository interfaces.
2024-11-01 08:39:54 INFO  o.h.jpa.internal.util.LogHelper - HHH000204: Processing PersistenceUnitInfo [name: default]
2024-11-01 08:39:54 INFO  org.hibernate.Version - HHH000412: Hibernate ORM core version 6.2.2.Final
2024-11-01 08:39:54 INFO  org.hibernate.cfg.Environment - HHH000406: Using bytecode reflection optimizer
2024-11-01 08:39:54 INFO  o.h.b.i.BytecodeProviderInitiator - HHH000021: Bytecode provider name : bytebuddy
2024-11-01 08:39:55 INFO  o.s.o.j.p.SpringPersistenceUnitInfo - No LoadTimeWeaver setup: ignoring JPA class transformer
2024-11-01 08:39:55 INFO  com.zaxxer.hikari.HikariDataSource - HikariPool-1 - Starting...
2024-11-01 08:39:55 INFO  com.zaxxer.hikari.pool.HikariPool - HikariPool-1 - Added connection org.postgresql.jdbc.PgConnection@41167ded
2024-11-01 08:39:55 INFO  com.zaxxer.hikari.HikariDataSource - HikariPool-1 - Start completed.
2024-11-01 08:39:55 INFO  org.hibernate.orm.dialect - HHH035001: Using dialect: org.hibernate.dialect.PostgreSQLDialect, version: org.hibernate.engine.jdbc.env.internal.JdbcEnvironmentInitiator$DialectResolutionInfoImpl@466fedfa
2024-11-01 08:39:56 INFO  o.h.b.i.BytecodeProviderInitiator - HHH000021: Bytecode provider name : bytebuddy
2024-11-01 08:39:57 INFO  o.h.e.t.j.p.i.JtaPlatformInitiator - HHH000490: Using JtaPlatform implementation: [org.hibernate.engine.transaction.jta.platform.internal.NoJtaPlatform]
2024-11-01 08:39:57 INFO  o.s.o.j.LocalContainerEntityManagerFactoryBean - Initialized JPA EntityManagerFactory for persistence unit 'default'
2024-11-01 08:39:59 WARN  o.s.b.a.o.j.JpaBaseConfiguration$JpaWebConfiguration - spring.jpa.open-in-view is enabled by default. Therefore, database queries may be performed during view rendering. Explicitly configure spring.jpa.open-in-view to disable this warning
2024-11-01 08:40:01 INFO  c.s.sistExp.SistExpApplicationTests - Started SistExpApplicationTests in 10.883 seconds (process running for 13.339)
2024-11-01 08:40:05 INFO  c.s.sistExp.service.ExcelService - Total rows proccesed: 0
2024-11-01 08:40:05 INFO  c.s.sistExp.service.ExcelService - No se encontraron expedientes v涇idos para guardar.
2024-11-01 08:40:05 INFO  o.s.o.j.LocalContainerEntityManagerFactoryBean - Closing JPA EntityManagerFactory for persistence unit 'default'
2024-11-01 08:40:05 INFO  com.zaxxer.hikari.HikariDataSource - HikariPool-1 - Shutdown initiated...
2024-11-01 08:40:05 INFO  com.zaxxer.hikari.HikariDataSource - HikariPool-1 - Shutdown completed.
2024-11-01 08:45:50 INFO  c.s.sistExp.service.ExcelService - Total rows proccesed: 0
2024-11-01 08:45:50 INFO  c.s.sistExp.service.ExcelService - No se encontraron expedientes v치lidos para guardar.
2024-11-01 08:50:07 INFO  c.s.sistExp.service.ExcelService - Total rows proccesed: 0
2024-11-01 08:50:07 INFO  c.s.sistExp.service.ExcelService - No se encontraron expedientes v치lidos para guardar.
2024-11-01 09:03:02 INFO  c.s.sistExp.service.ExcelService - Total rows proccesed: 0
2024-11-01 09:03:02 INFO  c.s.sistExp.service.ExcelService - No se encontraron expedientes v치lidos para guardar.
2024-11-01 09:05:54 INFO  c.s.sistExp.service.ExcelService - Total rows proccesed: 0
2024-11-01 09:05:54 INFO  c.s.sistExp.service.ExcelService - No se encontraron expedientes v치lidos para guardar.
2024-11-01 09:14:12 INFO  o.s.t.c.s.AnnotationConfigContextLoaderUtils - Could not detect default configuration classes for test class [com.sistemaExpedientes.sistExp.SistExpApplicationTests]: SistExpApplicationTests does not declare any static, non-private, non-final, nested classes annotated with @Configuration.
2024-11-01 09:14:12 INFO  o.s.b.t.c.SpringBootTestContextBootstrapper - Found @SpringBootConfiguration com.sistemaExpedientes.sistExp.SistExpApplication for test class com.sistemaExpedientes.sistExp.SistExpApplicationTests
2024-11-01 09:14:13 INFO  c.s.sistExp.SistExpApplicationTests - Starting SistExpApplicationTests using Java 17.0.11 with PID 13584 (started by pania in C:\Users\pania\OneDrive\Documentos\GitHub\SistemaExpedientes\sistema-expedientes)
2024-11-01 09:14:13 INFO  c.s.sistExp.SistExpApplicationTests - No active profile set, falling back to 1 default profile: "default"
2024-11-01 09:14:15 INFO  o.s.d.r.c.RepositoryConfigurationDelegate - Bootstrapping Spring Data JPA repositories in DEFAULT mode.
2024-11-01 09:14:15 INFO  o.s.d.r.c.RepositoryConfigurationDelegate - Finished Spring Data repository scanning in 107 ms. Found 5 JPA repository interfaces.
2024-11-01 09:14:16 INFO  o.h.jpa.internal.util.LogHelper - HHH000204: Processing PersistenceUnitInfo [name: default]
2024-11-01 09:14:16 INFO  org.hibernate.Version - HHH000412: Hibernate ORM core version 6.2.2.Final
2024-11-01 09:14:16 INFO  org.hibernate.cfg.Environment - HHH000406: Using bytecode reflection optimizer
2024-11-01 09:14:16 INFO  o.h.b.i.BytecodeProviderInitiator - HHH000021: Bytecode provider name : bytebuddy
2024-11-01 09:14:16 INFO  o.s.o.j.p.SpringPersistenceUnitInfo - No LoadTimeWeaver setup: ignoring JPA class transformer
2024-11-01 09:14:16 INFO  com.zaxxer.hikari.HikariDataSource - HikariPool-1 - Starting...
2024-11-01 09:14:17 INFO  com.zaxxer.hikari.pool.HikariPool - HikariPool-1 - Added connection org.postgresql.jdbc.PgConnection@708769b7
2024-11-01 09:14:17 INFO  com.zaxxer.hikari.HikariDataSource - HikariPool-1 - Start completed.
2024-11-01 09:14:17 INFO  org.hibernate.orm.dialect - HHH035001: Using dialect: org.hibernate.dialect.PostgreSQLDialect, version: org.hibernate.engine.jdbc.env.internal.JdbcEnvironmentInitiator$DialectResolutionInfoImpl@59a94d0f
2024-11-01 09:14:17 INFO  o.h.b.i.BytecodeProviderInitiator - HHH000021: Bytecode provider name : bytebuddy
2024-11-01 09:14:18 INFO  o.h.e.t.j.p.i.JtaPlatformInitiator - HHH000490: Using JtaPlatform implementation: [org.hibernate.engine.transaction.jta.platform.internal.NoJtaPlatform]
2024-11-01 09:14:18 INFO  o.s.o.j.LocalContainerEntityManagerFactoryBean - Initialized JPA EntityManagerFactory for persistence unit 'default'
2024-11-01 09:14:20 WARN  o.s.b.a.o.j.JpaBaseConfiguration$JpaWebConfiguration - spring.jpa.open-in-view is enabled by default. Therefore, database queries may be performed during view rendering. Explicitly configure spring.jpa.open-in-view to disable this warning
2024-11-01 09:14:21 INFO  c.s.sistExp.SistExpApplicationTests - Started SistExpApplicationTests in 8.797 seconds (process running for 10.841)
2024-11-01 09:14:25 INFO  c.s.sistExp.service.ExcelService - Total rows proccesed: 0
2024-11-01 09:14:25 INFO  c.s.sistExp.service.ExcelService - No se encontraron expedientes v涇idos para guardar.
2024-11-01 09:14:25 INFO  o.s.o.j.LocalContainerEntityManagerFactoryBean - Closing JPA EntityManagerFactory for persistence unit 'default'
2024-11-01 09:14:25 INFO  com.zaxxer.hikari.HikariDataSource - HikariPool-1 - Shutdown initiated...
2024-11-01 09:14:25 INFO  com.zaxxer.hikari.HikariDataSource - HikariPool-1 - Shutdown completed.
